undefined
8:34:32 Пользователь: taxi изменил данные по водителю Третьяк Леонид Иванович
8:50:24 Пользователь: taxi изменил данные по водителю Иван Иванович Иванов
8:51:55 Пользователь: taxi изменил данные по водителю Иван Иванович Иванов
8:54:17 Пользователь: taxi изменил данные по водителю Иван Иванович Иванов
9:3:25 Пользователь: taxi добавил в справочник авто  ы213цу234
9:3:33 Пользователь: taxi изменил данные по водителю Иван Иванович Иванов
9:3:43 Пользователь: taxi изменил данные по водителю Иван Иванович Иванов
12:46:34 Пользователь: taxi внёс изменения в SD106051604
12:48:10 Пользователь: taxi внёс изменения в SD106015527
12:48:29 Пользователь: taxi внёс изменения в SD106039970
12:48:37 Пользователь: taxi внёс изменения в SD106039970
12:49:6 Пользователь: taxi внёс изменения в SD106039970
12:49:26 Пользователь: taxi внёс изменения в SD106015527
12:49:40 Пользователь: taxi внёс изменения в SD106015527
15:2:5 Пользователь: taxi внёс изменения в SD106050851
15:2:36 Пользователь: taxi внёс изменения в SD106050851
15:3:39 Пользователь: taxi внёс изменения в SD106015527
15:5:45 Пользователь: taxi внёс изменения в SD106039970
15:6:54 Пользователь: taxi внёс изменения в SD106038576
15:7:12 Пользователь: taxi внёс изменения в SD106040470
15:8:37 Пользователь: taxi внёс изменения в SD106051604
15:9:13 Пользователь: taxi внёс изменения в SD106051604
15:9:55 Пользователь: taxi внёс изменения в SD106050696
15:10:26 Пользователь: taxi внёс изменения в SD106041693
15:11:56 Пользователь: taxi внёс изменения в SD106052128
15:12:29 Пользователь: taxi внёс изменения в SD106052128